<?xml version="1.0" encoding="UTF-8"?>
<!-- Generated by org.testng.reporters.JUnitReportReporter -->
<testsuite skipped="0" hostname="DESKTOP-R97KMG8" name="testcases.LoginTest" tests="1" failures="0" timestamp="30 Jun 2020 14:19:58 GMT" time="2.541" errors="0">
  <testcase name="loginApp" time="2.541" classname="testcases.LoginTest"/>
</testsuite> <!-- testcases.LoginTest -->
